id: 725695987683987460 天声人語👍✨ 『課題』 48分 https://t.co/aXn0itZfYC #studyplus
id: 740198254608949249 @benkyo_stardy 
勉強おわり
stop!!
未登録ユーザの「勉強おわ」
id: 740198261038809089 @chom_namb おつ〜(๑´ω`ﾉﾉﾞ✧ 22:33から93分勉強しました！！
id: 740198294278656000 RT @benkyo_stardy: @chom_namb おつ〜(๑´ω`ﾉﾉﾞ✧ 22:33から93分勉強しました！！
id: 740201238461980672 @benkyo_stardy 勉強しよ
now streaming
Text: 勉強 Tweet: 
@Study_ant いま6人が一緒に勉強してます(๑˃̵ᴗ˂̵)وふぁいてぃん！
id: 740201242522046464 @Study_ant いま2人が一緒に勉強してます(๑˃̵ᴗ˂̵)وふぁいてぃん！
id: 740201247123202049 RT @Study_ant: @benkyo_stardy 勉強しよ
id: 740201319319756800 『WORLD TREK English Communic...』 45分 https://t.co/8GVih8kwaV #studyplus
id: 740201420826124289 昨日(( ６．７ は 、 具合が悪くなってしまって、４５分くらいしかできませんでした ^^;  テスト近いのにな ~
id: 740201616637235201 疲れたけど、あと少しやろかな
id: 740202435000438786 #宮野真守生誕祭2016
#宮野真守生誕祭
#宮野真守

生まれてきてくれて
ホントにありがとうございます((スライディング土下座 https://t.co/7CmYjoGBI2
id: 740202511638790144 疲れた～…
もう寝ます、おやすみなさい(･ω･)ﾉｼ https://t.co/h403GxqwJp
id: 740202620397092864 RT @BotSeiyuu1: Happy Birthday マモ🎉

#宮野真守生誕祭2016 
#6月8日は我らが天使宮野真守の誕生日
#6月8日は宮野真守の誕生日 https://t.co/BJpIBFpeyq
id: 740202631910432769 @benkyo_stardy 

勉強しよ(`・ω・´)
now streaming
Text: 勉強 Tweet: 
@Mayuko_study11 いま7人が一緒に勉強してます(๑˃̵ᴗ˂̵)وふぁいてぃん！
id: 740202636905844736 @Mayuko_study11 いま3人が一緒に勉強してます(๑˃̵ᴗ˂̵)وふぁいてぃん！
id: 740202641200799744 RT @Mayuko_study11: @benkyo_stardy 

勉強しよ(`・ω・´)
id: 740204141687934978 輝かしいオタクの話を聞いたらオタクって言葉の意味が分からなくなってきた…
id: 740204292145979392 でも、涙腺にくるエピソードがあってほんま泣くとこしたわ
