id: 722465467579768833 Foo
id: 722465666184323073 @benkyo_stardy 勉強おわ デーモン化できた？
stop!!
log writing failed. closed stream
id: 722465824603115521 @_3kuni おつかれ〜(๑´ω`ﾉﾉﾞ✧ 勉強時間は48分です！！
id: 722468966581477376 @benkyo_stardy 勉強しよ ストリーム
now streaming
Text: ストリーム Tweet: 
@_3kuni ふぁいてぃん!!(*•̀ᴗ•́*)و ̑̑
id: 722469093320712192 @_3kuni ふぁいてぃん！(*•̀ᴗ•́*)و ̑̑
id: 722469098584547328 RT @_3kuni: @benkyo_stardy 勉強しよ ストリーム
now streaming
Text: ストリーム Tweet: 
@benkyo_stardy はじめての勉強記録です！⁽⁽٩(๑˃̶͈̀ ᗨ ˂̶͈́)۶⁾⁾「勉強おわ」のツイートでここに記録されます！http://www.stardy.co/users/42
id: 722469236476514304 @benkyo_stardy 勉強おわ ミスった
stop!!
@_3kuni 3時間突破！おつ〜(๑´ω`ﾉﾉﾞ✧ 勉強時間は1分です！！
id: 722469349018054656 @_3kuni おつかれ〜(๑´ω`ﾉﾉﾞ✧ 勉強時間は1分です！！
id: 722470103648841728 @_3kuni おつかれ〜(๑´ω`ﾉﾉﾞ✧ 勉強時間は2分です！！
id: 722470275221065728 @benkyo_stardy 勉強しよ ストリーム化 これで終わりにしようではないか
now streaming
Text: ストリーム化 Tweet: これで終わりにしようではないか
@_3kuni ふぁいてぃん!!(*•̀ᴗ•́*)و ̑̑
id: 722470281097269248 @_3kuni ふぁいてぃん!!(*•̀ᴗ•́*)و ̑̑
